[debug] [2020-03-02T20:18:34.284Z] ----------------------------------------------------------------------
[debug] [2020-03-02T20:18:34.287Z] Command:       C:\Program Files\nodejs\node.exe C:\Users\user\AppData\Roaming\npm\node_modules\firebase-tools\lib\bin\firebase.js init
[debug] [2020-03-02T20:18:34.287Z] CLI Version:   7.14.0
[debug] [2020-03-02T20:18:34.287Z] Platform:      win32
[debug] [2020-03-02T20:18:34.287Z] Node Version:  v12.15.0
[debug] [2020-03-02T20:18:34.290Z] Time:          Mon Mar 02 2020 22:18:34 GMT+0200 (Eastern European Standard Time)
[debug] [2020-03-02T20:18:34.290Z] ----------------------------------------------------------------------
[debug] [2020-03-02T20:18:34.290Z] 
[debug] [2020-03-02T20:18:34.298Z] > command requires scopes: ["email","openid","https://www.googleapis.com/auth/cloudplatformprojects.readonly","https://www.googleapis.com/auth/firebase","https://www.googleapis.com/auth/cloud-platform"]
[debug] [2020-03-02T20:18:34.299Z] > authorizing via signed-in user
[info] 
     ######## #### ########  ######## ########     ###     ######  ########
     ##        ##  ##     ## ##       ##     ##  ##   ##  ##       ##
     ######    ##  ########  ######   ########  #########  ######  ######
     ##        ##  ##    ##  ##       ##     ## ##     ##       ## ##
     ##       #### ##     ## ######## ########  ##     ##  ######  ########

You're about to initialize a Firebase project in this directory:

  D:\made in uae\Made in uea\uae

Before we get started, keep in mind:

  * You are initializing in an existing Firebase project directory

